<?xml version="1.0" encoding="UTF-8"?>
<!-- Generated by org.testng.reporters.JUnitReportReporter -->
<testsuite hostname="DESKTOP-CL4KTUF" failures="0" tests="1" name="Academy.validateNavigationBar" time="0.434" errors="0" timestamp="31 May 2020 07:24:38 GMT">
  <testcase classname="Academy.validateNavigationBar" name="validateAppNavBar" time="0.434"/>
</testsuite> <!-- Academy.validateNavigationBar -->
